2025-11-10 12:29:50,538 - INFO -  File contents : ]
2025-11-10 12:29:50,539 - INFO - YAML file: config\config.yaml loaded successfully]
2025-11-10 12:30:59,590 - INFO -  File contents : ]
2025-11-10 12:30:59,591 - INFO - YAML file: config\config.yaml loaded successfully]
2025-11-10 12:30:59,593 - INFO -  File contents : ]
2025-11-10 12:30:59,594 - INFO - YAML file: config\params.yaml loaded successfully]
2025-11-10 12:30:59,595 - INFO - Directory created at: artifacts]
2025-11-10 12:30:59,596 - INFO - Directory created at: artifacts/data_transformation]
2025-11-10 12:33:08,781 - INFO -  File contents : ]
2025-11-10 12:33:08,788 - INFO - YAML file: config\config.yaml loaded successfully]
2025-11-10 12:33:08,790 - INFO -  File contents : ]
2025-11-10 12:33:08,791 - INFO - YAML file: config\params.yaml loaded successfully]
2025-11-10 12:33:08,794 - INFO - Directory created at: artifacts]
2025-11-10 12:33:08,796 - INFO - Directory created at: artifacts/data_transformation]
2025-11-10 12:37:21,224 - INFO -  File contents : ]
2025-11-10 12:37:21,225 - INFO - YAML file: config\config.yaml loaded successfully]
2025-11-10 12:37:23,497 - INFO -  File contents : ]
2025-11-10 12:37:23,498 - INFO - YAML file: config\config.yaml loaded successfully]
2025-11-10 12:37:23,502 - INFO -  File contents : ]
2025-11-10 12:37:23,502 - INFO - YAML file: config\params.yaml loaded successfully]
2025-11-10 12:37:23,504 - INFO - Directory created at: artifacts]
2025-11-10 12:37:23,506 - INFO - Directory created at: artifacts/data_transformation]
2025-11-10 12:38:49,956 - INFO -  File contents : ]
2025-11-10 12:38:49,957 - INFO - YAML file: config\config.yaml loaded successfully]
2025-11-10 12:38:49,959 - INFO -  File contents : ]
2025-11-10 12:38:49,960 - INFO - YAML file: config\params.yaml loaded successfully]
2025-11-10 12:38:49,962 - INFO - Directory created at: artifacts]
2025-11-10 12:38:49,963 - INFO - Directory created at: artifacts/data_transformation]
2025-11-10 12:49:18,926 - INFO -  File contents : ]
2025-11-10 12:49:18,927 - INFO - YAML file: config\config.yaml loaded successfully]
2025-11-10 12:49:18,929 - INFO -  File contents : ]
2025-11-10 12:49:18,930 - INFO - YAML file: config\params.yaml loaded successfully]
2025-11-10 12:49:18,932 - INFO - Directory created at: artifacts]
2025-11-10 12:49:18,934 - INFO - Directory created at: artifacts/data_transformation]
2025-11-10 12:50:18,043 - INFO -  File contents : ]
2025-11-10 12:50:18,044 - INFO - YAML file: config\config.yaml loaded successfully]
2025-11-10 12:50:18,046 - INFO -  File contents : ]
2025-11-10 12:50:18,046 - INFO - YAML file: config\params.yaml loaded successfully]
2025-11-10 12:50:18,048 - INFO - Directory created at: artifacts]
2025-11-10 12:50:18,050 - INFO - Directory created at: artifacts/data_transformation]
2025-11-10 12:50:19,570 - INFO - Dataset loaded from disk : artifacts\data_ingestion\unzip_data\samsum_dataset]
2025-11-10 13:06:57,164 - INFO -  File contents : ]
2025-11-10 13:06:57,165 - INFO - YAML file: config\config.yaml loaded successfully]
2025-11-10 13:06:57,167 - INFO -  File contents : ]
2025-11-10 13:06:57,168 - INFO - YAML file: config\params.yaml loaded successfully]
2025-11-10 13:06:57,171 - INFO - Directory created at: artifacts]
2025-11-10 13:06:57,172 - INFO - Directory created at: artifacts/data_transformation]
2025-11-10 13:06:58,671 - INFO - Dataset loaded from disk : artifacts\data_ingestion\unzip_data\samsum_dataset]
2025-11-10 13:07:03,412 - INFO - Dataset saved to disk : artifacts\data_ingestion\unzip_data\samsum_dataset]
