2025-11-11 09:53:00,839 - INFO -  File contents : ]
2025-11-11 09:53:00,841 - INFO - YAML file: config\config.yaml loaded successfully]
2025-11-11 09:53:00,857 - INFO -  File contents : ]
2025-11-11 09:53:00,859 - INFO - YAML file: config\params.yaml loaded successfully]
2025-11-11 09:53:00,860 - INFO - Directory created at: artifacts]
2025-11-11 09:53:00,862 - INFO - Loading the dataset from disk...]
2025-11-11 09:54:21,466 - INFO -  File contents : ]
2025-11-11 09:54:21,468 - INFO - YAML file: config\config.yaml loaded successfully]
2025-11-11 09:54:21,471 - INFO -  File contents : ]
2025-11-11 09:54:21,472 - INFO - YAML file: config\params.yaml loaded successfully]
2025-11-11 09:54:21,473 - INFO - Directory created at: artifacts]
2025-11-11 09:54:21,475 - INFO - Loading the dataset from disk...]
2025-11-11 09:54:21,628 - INFO - Loading the tokenizer and model...]
2025-11-11 09:54:23,721 - WARNING - Xet Storage is enabled for this repo, but the 'hf_xet' package is not installed. Falling back to regular HTTP download. For better performance, install the package with: `pip install huggingface_hub[hf_xet]` or `pip install hf_xet`]
2025-11-11 09:55:08,410 - WARNING - Xet Storage is enabled for this repo, but the 'hf_xet' package is not installed. Falling back to regular HTTP download. For better performance, install the package with: `pip install huggingface_hub[hf_xet]` or `pip install hf_xet`]
2025-11-11 09:55:13,964 - INFO - Setting up data collator...]
2025-11-11 09:55:13,966 - INFO - Setting up training arguments...]
2025-11-11 09:58:52,261 - INFO -  File contents : ]
2025-11-11 09:58:52,262 - INFO - YAML file: config\config.yaml loaded successfully]
2025-11-11 09:58:52,265 - INFO -  File contents : ]
2025-11-11 09:58:52,267 - INFO - YAML file: config\params.yaml loaded successfully]
2025-11-11 09:58:52,269 - INFO - Directory created at: artifacts]
2025-11-11 09:58:52,270 - INFO - Loading the dataset from disk...]
2025-11-11 09:58:52,310 - INFO - Loading the tokenizer and model...]
2025-11-11 09:59:02,557 - INFO - Setting up data collator...]
2025-11-11 09:59:02,558 - INFO - Setting up training arguments...]
2025-11-11 10:00:11,530 - INFO -  File contents : ]
2025-11-11 10:00:11,530 - INFO - YAML file: config\config.yaml loaded successfully]
2025-11-11 10:00:11,540 - INFO -  File contents : ]
2025-11-11 10:00:11,542 - INFO - YAML file: config\params.yaml loaded successfully]
2025-11-11 10:00:11,542 - INFO - Directory created at: artifacts]
2025-11-11 10:00:11,542 - INFO - Loading the dataset from disk...]
2025-11-11 10:00:11,591 - INFO - Loading the tokenizer and model...]
2025-11-11 10:00:22,110 - INFO - Setting up data collator...]
2025-11-11 10:00:22,112 - INFO - Setting up training arguments...]
2025-11-11 10:04:16,993 - INFO -  File contents : ]
2025-11-11 10:04:16,994 - INFO - YAML file: config\config.yaml loaded successfully]
2025-11-11 10:04:17,001 - INFO -  File contents : ]
2025-11-11 10:04:17,002 - INFO - YAML file: config\params.yaml loaded successfully]
2025-11-11 10:04:17,005 - INFO - Directory created at: artifacts]
2025-11-11 10:04:17,007 - INFO - Loading the dataset from disk...]
2025-11-11 10:04:17,076 - INFO - Loading the tokenizer and model...]
2025-11-11 10:04:32,767 - INFO - Setting up data collator...]
2025-11-11 10:04:32,769 - INFO - Setting up training arguments...]
