2025-11-11 10:06:30,165 - INFO -  File contents : ]
2025-11-11 10:06:30,167 - INFO - YAML file: config\config.yaml loaded successfully]
2025-11-11 10:06:30,172 - INFO -  File contents : ]
2025-11-11 10:06:30,173 - INFO - YAML file: config\params.yaml loaded successfully]
2025-11-11 10:06:30,175 - INFO - Directory created at: artifacts]
2025-11-11 10:06:30,177 - INFO - Loading the dataset from disk...]
2025-11-11 10:06:30,247 - INFO - Loading the tokenizer and model...]
2025-11-11 10:06:39,916 - INFO - Setting up data collator...]
2025-11-11 10:06:39,918 - INFO - Setting up training arguments...]
2025-11-11 10:06:39,956 - INFO - Initializing Trainer...]
2025-11-11 10:06:40,023 - INFO - Starting training...]
2025-11-11 10:29:11,244 - INFO -  File contents : ]
2025-11-11 10:29:11,269 - INFO - YAML file: config\config.yaml loaded successfully]
2025-11-11 10:29:11,276 - INFO -  File contents : ]
2025-11-11 10:29:11,277 - INFO - YAML file: config\params.yaml loaded successfully]
2025-11-11 10:29:11,281 - INFO - Directory created at: artifacts]
2025-11-11 10:29:11,290 - INFO - Loading the dataset from disk...]
2025-11-11 10:29:11,411 - INFO - Loading the tokenizer and model...]
2025-11-11 10:29:21,463 - INFO - Setting up data collator...]
2025-11-11 10:29:21,468 - INFO - Setting up training arguments...]
2025-11-11 10:29:21,519 - INFO - Initializing Trainer...]
2025-11-11 10:29:21,687 - INFO - Starting training...]
