2025-11-10 12:12:20,850 - INFO -  File contents : ]
2025-11-10 12:12:20,851 - INFO - YAML file: config\config.yaml loaded successfully]
2025-11-10 12:12:20,855 - INFO -  File contents : ]
2025-11-10 12:12:20,856 - INFO - YAML file: config\params.yaml loaded successfully]
2025-11-10 12:12:20,857 - INFO - Directory created at: artifacts]
2025-11-10 12:14:46,326 - INFO -  File contents : ]
2025-11-10 12:14:46,326 - INFO - YAML file: config\config.yaml loaded successfully]
2025-11-10 12:14:46,328 - INFO -  File contents : ]
2025-11-10 12:14:46,329 - INFO - YAML file: config\params.yaml loaded successfully]
2025-11-10 12:14:46,335 - INFO - Directory created at: artifacts]
2025-11-10 12:14:46,337 - INFO - Directory created at: artifacts/data_transformation]
2025-11-10 12:21:32,257 - INFO -  File contents : ]
2025-11-10 12:21:32,258 - INFO - YAML file: config\config.yaml loaded successfully]
2025-11-10 12:21:32,260 - INFO -  File contents : ]
2025-11-10 12:21:32,261 - INFO - YAML file: config\params.yaml loaded successfully]
2025-11-10 12:21:32,263 - INFO - Directory created at: artifacts]
2025-11-10 12:21:32,264 - INFO - Directory created at: artifacts/data_transformation]
2025-11-10 12:23:28,009 - INFO -  File contents : ]
2025-11-10 12:23:28,010 - INFO - YAML file: config\config.yaml loaded successfully]
2025-11-10 12:23:28,013 - INFO -  File contents : ]
2025-11-10 12:23:28,013 - INFO - YAML file: config\params.yaml loaded successfully]
2025-11-10 12:23:28,016 - INFO - Directory created at: artifacts]
2025-11-10 12:23:28,017 - INFO - Directory created at: artifacts/data_transformation]
